<?xml version="1.0" encoding="UTF-8"?>
<testsuite xmlns:xsi="http://www.w3.org/2001/XMLSchema-instance" xsi:noNamespaceSchemaLocation="https://maven.apache.org/surefire/maven-surefire-plugin/xsd/surefire-test-report-3.0.xsd" version="3.0" name="TestSuite" time="44.57" tests="5" errors="0" skipped="0" failures="0">
  <properties>
[...]
</properties>
  <testcase name="runScenario[&quot;Verify booking form with invalid details&quot;, &quot;Event Management System - Booking Form&quot;](1)" classname="runner.TestRunner" time="10.587">
    <system-out><![CDATA[
@BookingForm @NegativeTest
Scenario: Verify booking form with invalid details              # src/test/resources/features/Booking.feature:8
18:39:05.074 [main] INFO  BookingSteps - Application Launched........
18:39:05.078 [main] INFO  BookingSteps - Opening Booking Form........
  Given The user is on the Event Management System booking page # stepDefinitions.BookingSteps.the_user_is_on_the_event_management_system_booking_page()
18:39:08.603 [main] INFO  BookingSteps - Entering Invalid Booking Details........
18:39:08.603 [main] INFO  BookingSteps - Implementing negative scenario using DataType........
  When The user enters invalid details                          # stepDefinitions.BookingSteps.user_enters_invalid_details(io.cucumber.datatable.DataTable)
    | FirstName | LastName | Phone      | Email       | EventType | EventDate | EventTime | GuestCount | Catering | Address      | City    | Pincode |
    | John      | 1234     | 9876543210 | john.s@.com | Others    | abc       | 123       | -100       | Veg      | 123 Park Ave | Chennai | 400001  |
18:39:09.461 [main] INFO  BookingSteps - Clicking Book Now Button........
  Then The user clicks the Book Now button                      # stepDefinitions.BookingSteps.the_user_clicks_the_book_now_button()
18:39:09.542 [main] INFO  BookingSteps - Taking Screenshots of negative scenario........
  Then Take Screenshot Scnario 1                                # stepDefinitions.BookingSteps.take_screenshotScenario1()
18:39:09.729 [main] INFO  BookingSteps - Closing Browser........
  And Close the browser                                         # stepDefinitions.BookingSteps.close_the_browser()
]]></system-out>
    <system-err><![CDATA[Aug 13, 2025 6:39:04 PM org.openqa.selenium.devtools.CdpVersionFinder findNearestMatch
WARNING: Unable to find an exact match for CDP version 139, returning the closest version; found: 138; Please update to a Selenium version that supports CDP version 139
]]></system-err>
  </testcase>
  <testcase name="runScenario[&quot;Verify booking form with valid details&quot;, &quot;Event Management System - Booking Form&quot;](2)" classname="runner.TestRunner" time="8.235">
    <system-out><![CDATA[
@BookingForm @PositiveTest @DataDriven
Scenario Outline: Verify booking form with valid details                                                                                                                    # src/test/resources/features/Booking.feature:26
18:39:12.835 [main] INFO  BookingSteps - Application Launched........
18:39:12.835 [main] INFO  BookingSteps - Opening Booking Form........
  Given The user is on the Event Management System booking page                                                                                                             # stepDefinitions.BookingSteps.the_user_is_on_the_event_management_system_booking_page()
18:39:16.839 [main] INFO  BookingSteps - Entering Valid Booking Details........
18:39:16.839 [main] INFO  BookingSteps - Implementing positive scenario using Scenario Outline........
  When the user enters the details "Sam", "Smith", "9876543210", "sam.s@email.com", "Wedding", "08/15/2025", "18:00", "150", "Veg", "123 Park Ave", "Chennai", and "400001" # stepDefinitions.BookingSteps.user_enters_valid_details(java.lang.String,java.lang.String,java.lang.String,java.lang.String,java.lang.String,java.lang.String,java.lang.String,java.lang.String,java.lang.String,java.lang.String,java.lang.String,java.lang.String)
18:39:17.670 [main] INFO  BookingSteps - Clicking Book Now Button........
  Then The user clicks the Book Now button                                                                                                                                  # stepDefinitions.BookingSteps.the_user_clicks_the_book_now_button()
18:39:17.762 [main] INFO  BookingSteps - Taking Screenshots of positive scenario........
  Then Take Screenshot Scnario 2                                                                                                                                            # stepDefinitions.BookingSteps.take_screenshotScenario2()
18:39:17.953 [main] INFO  BookingSteps - Closing Browser........
  And Close the browser                                                                                                                                                     # stepDefinitions.BookingSteps.close_the_browser()
]]></system-out>
    <system-err><![CDATA[Aug 13, 2025 6:39:12 PM org.openqa.selenium.devtools.CdpVersionFinder findNearestMatch
WARNING: Unable to find an exact match for CDP version 139, returning the closest version; found: 138; Please update to a Selenium version that supports CDP version 139
]]></system-err>
  </testcase>
  <testcase name="runScenario[&quot;Verify booking form with valid details&quot;, &quot;Event Management System - Booking Form&quot;](3)" classname="runner.TestRunner" time="8.296">
    <system-out><![CDATA[
@BookingForm @PositiveTest @DataDriven
Scenario Outline: Verify booking form with valid details                                                                                                                              # src/test/resources/features/Booking.feature:27
18:39:20.982 [main] INFO  BookingSteps - Application Launched........
18:39:20.982 [main] INFO  BookingSteps - Opening Booking Form........
  Given The user is on the Event Management System booking page                                                                                                                       # stepDefinitions.BookingSteps.the_user_is_on_the_event_management_system_booking_page()
18:39:25.142 [main] INFO  BookingSteps - Entering Valid Booking Details........
18:39:25.142 [main] INFO  BookingSteps - Implementing positive scenario using Scenario Outline........
  When the user enters the details "Maria", "Jones", "9123456789", "maria.j@email.com", "Birthday", "09/20/2025", "19:30", "50", "Non-Veg", "456 Lake Rd", "Coimbatore", and "411001" # stepDefinitions.BookingSteps.user_enters_valid_details(java.lang.String,java.lang.String,java.lang.String,java.lang.String,java.lang.String,java.lang.String,java.lang.String,java.lang.String,java.lang.String,java.lang.String,java.lang.String,java.lang.String)
18:39:25.958 [main] INFO  BookingSteps - Clicking Book Now Button........
  Then The user clicks the Book Now button                                                                                                                                            # stepDefinitions.BookingSteps.the_user_clicks_the_book_now_button()
18:39:26.047 [main] INFO  BookingSteps - Taking Screenshots of positive scenario........
  Then Take Screenshot Scnario 2                                                                                                                                                      # stepDefinitions.BookingSteps.take_screenshotScenario2()
18:39:26.263 [main] INFO  BookingSteps - Closing Browser........
  And Close the browser                                                                                                                                                               # stepDefinitions.BookingSteps.close_the_browser()
]]></system-out>
    <system-err><![CDATA[Aug 13, 2025 6:39:20 PM org.openqa.selenium.devtools.CdpVersionFinder findNearestMatch
WARNING: Unable to find an exact match for CDP version 139, returning the closest version; found: 138; Please update to a Selenium version that supports CDP version 139
]]></system-err>
  </testcase>
  <testcase name="runScenario[&quot;Invalid Event Date&quot;, &quot;Event Management System - Booking Form&quot;](4)" classname="runner.TestRunner" time="8.651">
    <system-out><![CDATA[
@BookingForm @DataDriven @InvalidEventDate
Scenario Outline: Invalid Event Date                                                                                                                                           # src/test/resources/features/Booking.feature:40
18:39:29.297 [main] INFO  BookingSteps - Application Launched........
18:39:29.297 [main] INFO  BookingSteps - Opening Booking Form........
  Given The user is on the Event Management System booking page                                                                                                                # stepDefinitions.BookingSteps.the_user_is_on_the_event_management_system_booking_page()
18:39:33.852 [main] INFO  BookingSteps - Entering Valid Booking Details........
18:39:33.852 [main] INFO  BookingSteps - Implementing positive scenario using Scenario Outline........
  When the user enters the details "Micheal", "Starc", "9876543210", "micheal.s@email.com", "Anniversary", "xyz", "18:00", "150", "Veg", "123 Mithun", "Chennai", and "400087" # stepDefinitions.BookingSteps.user_enters_valid_details(java.lang.String,java.lang.String,java.lang.String,java.lang.String,java.lang.String,java.lang.String,java.lang.String,java.lang.String,java.lang.String,java.lang.String,java.lang.String,java.lang.String)
18:39:34.695 [main] INFO  BookingSteps - Clicking Book Now Button........
  Then The user clicks the Book Now button                                                                                                                                     # stepDefinitions.BookingSteps.the_user_clicks_the_book_now_button()
18:39:34.773 [main] INFO  BookingSteps - Taking Screenshots of positive scenario........
  Then Take Screenshot Invalid Scnario                                                                                                                                         # stepDefinitions.BookingSteps.take_screenshot_invalid_scnario()
18:39:34.926 [main] INFO  BookingSteps - Closing Browser........
  And Close the browser                                                                                                                                                        # stepDefinitions.BookingSteps.close_the_browser()
]]></system-out>
    <system-err><![CDATA[Aug 13, 2025 6:39:29 PM org.openqa.selenium.devtools.CdpVersionFinder findNearestMatch
WARNING: Unable to find an exact match for CDP version 139, returning the closest version; found: 138; Please update to a Selenium version that supports CDP version 139
]]></system-err>
  </testcase>
  <testcase name="runScenario[&quot;Invalid Event Time&quot;, &quot;Event Management System - Booking Form&quot;](5)" classname="runner.TestRunner" time="7.809">
    <system-out><![CDATA[
@BookingForm @DataDriven @InvalidEventTime
Scenario Outline: Invalid Event Time                                                                                                                                                  # src/test/resources/features/Booking.feature:53
18:39:37.977 [main] INFO  BookingSteps - Application Launched........
18:39:37.978 [main] INFO  BookingSteps - Opening Booking Form........
  Given The user is on the Event Management System booking page                                                                                                                       # stepDefinitions.BookingSteps.the_user_is_on_the_event_management_system_booking_page()
18:39:41.679 [main] INFO  BookingSteps - Entering Valid Booking Details........
18:39:41.679 [main] INFO  BookingSteps - Implementing positive scenario using Scenario Outline........
  When the user enters the details "Adam", "Mathew", "9876543210", "adam.m@email.com", "Corporate", "04/11/2025", "xyz", "150", "Non-Veg", "Sec 7 Hungry", "Coimbatore", and "400071" # stepDefinitions.BookingSteps.user_enters_valid_details(java.lang.String,java.lang.String,java.lang.String,java.lang.String,java.lang.String,java.lang.String,java.lang.String,java.lang.String,java.lang.String,java.lang.String,java.lang.String,java.lang.String)
18:39:42.424 [main] INFO  BookingSteps - Clicking Book Now Button........
  Then The user clicks the Book Now button                                                                                                                                            # stepDefinitions.BookingSteps.the_user_clicks_the_book_now_button()
18:39:42.502 [main] INFO  BookingSteps - Taking Screenshots of positive scenario........
  Then Take Screenshot Invalid Scnario                                                                                                                                                # stepDefinitions.BookingSteps.take_screenshot_invalid_scnario()
18:39:42.728 [main] INFO  BookingSteps - Closing Browser........
  And Close the browser                                                                                                                                                               # stepDefinitions.BookingSteps.close_the_browser()
]]></system-out>
    <system-err><![CDATA[Aug 13, 2025 6:39:37 PM org.openqa.selenium.devtools.CdpVersionFinder findNearestMatch
WARNING: Unable to find an exact match for CDP version 139, returning the closest version; found: 138; Please update to a Selenium version that supports CDP version 139
]]></system-err>
  </testcase>
</testsuite>