<?xml version="1.0" encoding="UTF-8"?>
<testng-results ignored="0" total="5" passed="5" failed="0" skipped="0">
  <reporter-output>
  </reporter-output>
  <suite started-at="2025-08-13T18:45:48 IST" name="Suite" finished-at="2025-08-13T18:46:25 IST" duration-ms="36570">
    <groups>
      <group name="cucumber">
        <method signature="AbstractTestNGCucumberTests.runScenario(io.cucumber.testng.PickleWrapper,io.cucumber.testng.FeatureWrapper)[pri:0, instance:runner.TestRunner@368f2016]" name="runScenario" class="io.cucumber.testng.AbstractTestNGCucumberTests"/>
      </group> <!-- cucumber -->
    </groups>
    <test started-at="2025-08-13T18:45:48 IST" name="Test" finished-at="2025-08-13T18:46:25 IST" duration-ms="36570">
      <class name="runner.TestRunner">
        <test-method is-config="true" signature="setUpClass(org.testng.ITestContext)[pri:0, instance:runner.TestRunner@368f2016]" started-at="2025-08-13T18:45:48 IST" name="setUpClass" finished-at="2025-08-13T18:45:49 IST" duration-ms="487" status="PASS">
          <params>
            <param index="0">
              <value>
                <![CDATA[org.testng.TestRunner@76c86567]]>
              </value>
            </param>
          </params>
          <reporter-output>
          </reporter-output>
        </test-method> <!-- setUpClass -->
        <test-method signature="runScenario(io.cucumber.testng.PickleWrapper,io.cucumber.testng.FeatureWrapper)[pri:0, instance:runner.TestRunner@368f2016]" started-at="2025-08-13T18:45:49 IST" name="runScenario" description="Runs Cucumber Scenarios" data-provider="scenarios" finished-at="2025-08-13T18:45:56 IST" duration-ms="7076" status="PASS">
          <params>
            <param index="0">
              <value>
                <![CDATA["Verify booking form with invalid details"]]>
              </value>
            </param>
            <param index="1">
              <value>
                <![CDATA["Event Management System - Booking Form"]]>
              </value>
            </param>
          </params>
          <reporter-output>
          </reporter-output>
        </test-method> <!-- runScenario -->
        <test-method signature="runScenario(io.cucumber.testng.PickleWrapper,io.cucumber.testng.FeatureWrapper)[pri:0, instance:runner.TestRunner@368f2016]" started-at="2025-08-13T18:45:56 IST" name="runScenario" description="Runs Cucumber Scenarios" data-provider="scenarios" finished-at="2025-08-13T18:46:03 IST" duration-ms="7504" status="PASS">
          <params>
            <param index="0">
              <value>
                <![CDATA["Verify booking form with valid details"]]>
              </value>
            </param>
            <param index="1">
              <value>
                <![CDATA["Event Management System - Booking Form"]]>
              </value>
            </param>
          </params>
          <reporter-output>
          </reporter-output>
        </test-method> <!-- runScenario -->
        <test-method signature="runScenario(io.cucumber.testng.PickleWrapper,io.cucumber.testng.FeatureWrapper)[pri:0, instance:runner.TestRunner@368f2016]" started-at="2025-08-13T18:46:03 IST" name="runScenario" description="Runs Cucumber Scenarios" data-provider="scenarios" finished-at="2025-08-13T18:46:10 IST" duration-ms="7109" status="PASS">
          <params>
            <param index="0">
              <value>
                <![CDATA["Verify booking form with valid details"]]>
              </value>
            </param>
            <param index="1">
              <value>
                <![CDATA["Event Management System - Booking Form"]]>
              </value>
            </param>
          </params>
          <reporter-output>
          </reporter-output>
        </test-method> <!-- runScenario -->
        <test-method signature="runScenario(io.cucumber.testng.PickleWrapper,io.cucumber.testng.FeatureWrapper)[pri:0, instance:runner.TestRunner@368f2016]" started-at="2025-08-13T18:46:10 IST" name="runScenario" description="Runs Cucumber Scenarios" data-provider="scenarios" finished-at="2025-08-13T18:46:17 IST" duration-ms="6449" status="PASS">
          <params>
            <param index="0">
              <value>
                <![CDATA["Invalid Event Date"]]>
              </value>
            </param>
            <param index="1">
              <value>
                <![CDATA["Event Management System - Booking Form"]]>
              </value>
            </param>
          </params>
          <reporter-output>
          </reporter-output>
        </test-method> <!-- runScenario -->
        <test-method signature="runScenario(io.cucumber.testng.PickleWrapper,io.cucumber.testng.FeatureWrapper)[pri:0, instance:runner.TestRunner@368f2016]" started-at="2025-08-13T18:46:17 IST" name="runScenario" description="Runs Cucumber Scenarios" data-provider="scenarios" finished-at="2025-08-13T18:46:25 IST" duration-ms="7879" status="PASS">
          <params>
            <param index="0">
              <value>
                <![CDATA["Invalid Event Time"]]>
              </value>
            </param>
            <param index="1">
              <value>
                <![CDATA["Event Management System - Booking Form"]]>
              </value>
            </param>
          </params>
          <reporter-output>
          </reporter-output>
        </test-method> <!-- runScenario -->
        <test-method is-config="true" signature="tearDownClass()[pri:0, instance:runner.TestRunner@368f2016]" started-at="2025-08-13T18:46:25 IST" name="tearDownClass" finished-at="2025-08-13T18:46:25 IST" duration-ms="29" status="PASS">
          <reporter-output>
          </reporter-output>
        </test-method> <!-- tearDownClass -->
      </class> <!-- runner.TestRunner -->
    </test> <!-- Test -->
  </suite> <!-- Suite -->
</testng-results>
