<?xml version="1.0" encoding="UTF-8"?>
<testng-results ignored="0" total="5" passed="5" failed="0" skipped="0">
  <reporter-output>
  </reporter-output>
  <suite started-at="2025-08-13T17:19:47 IST" name="Suite" finished-at="2025-08-13T17:20:28 IST" duration-ms="41723">
    <groups>
      <group name="cucumber">
        <method signature="AbstractTestNGCucumberTests.runScenario(io.cucumber.testng.PickleWrapper,io.cucumber.testng.FeatureWrapper)[pri:0, instance:runner.TestRunner@23348b5d]" name="runScenario" class="io.cucumber.testng.AbstractTestNGCucumberTests"/>
      </group> <!-- cucumber -->
    </groups>
    <test started-at="2025-08-13T17:19:47 IST" name="Test" finished-at="2025-08-13T17:20:28 IST" duration-ms="41723">
      <class name="runner.TestRunner">
        <test-method is-config="true" signature="setUpClass(org.testng.ITestContext)[pri:0, instance:runner.TestRunner@23348b5d]" started-at="2025-08-13T17:19:47 IST" name="setUpClass" finished-at="2025-08-13T17:19:47 IST" duration-ms="505" status="PASS">
          <params>
            <param index="0">
              <value>
                <![CDATA[org.testng.TestRunner@7c8874ef]]>
              </value>
            </param>
          </params>
          <reporter-output>
          </reporter-output>
        </test-method> <!-- setUpClass -->
        <test-method signature="runScenario(io.cucumber.testng.PickleWrapper,io.cucumber.testng.FeatureWrapper)[pri:0, instance:runner.TestRunner@23348b5d]" started-at="2025-08-13T17:19:47 IST" name="runScenario" description="Runs Cucumber Scenarios" data-provider="scenarios" finished-at="2025-08-13T17:19:56 IST" duration-ms="8740" status="PASS">
          <params>
            <param index="0">
              <value>
                <![CDATA["Verify booking form with invalid details"]]>
              </value>
            </param>
            <param index="1">
              <value>
                <![CDATA["Event Management System - Booking Form"]]>
              </value>
            </param>
          </params>
          <reporter-output>
          </reporter-output>
        </test-method> <!-- runScenario -->
        <test-method signature="runScenario(io.cucumber.testng.PickleWrapper,io.cucumber.testng.FeatureWrapper)[pri:0, instance:runner.TestRunner@23348b5d]" started-at="2025-08-13T17:19:56 IST" name="runScenario" description="Runs Cucumber Scenarios" data-provider="scenarios" finished-at="2025-08-13T17:20:04 IST" duration-ms="7942" status="PASS">
          <params>
            <param index="0">
              <value>
                <![CDATA["Verify booking form with valid details"]]>
              </value>
            </param>
            <param index="1">
              <value>
                <![CDATA["Event Management System - Booking Form"]]>
              </value>
            </param>
          </params>
          <reporter-output>
          </reporter-output>
        </test-method> <!-- runScenario -->
        <test-method signature="runScenario(io.cucumber.testng.PickleWrapper,io.cucumber.testng.FeatureWrapper)[pri:0, instance:runner.TestRunner@23348b5d]" started-at="2025-08-13T17:20:04 IST" name="runScenario" description="Runs Cucumber Scenarios" data-provider="scenarios" finished-at="2025-08-13T17:20:11 IST" duration-ms="7633" status="PASS">
          <params>
            <param index="0">
              <value>
                <![CDATA["Verify booking form with valid details"]]>
              </value>
            </param>
            <param index="1">
              <value>
                <![CDATA["Event Management System - Booking Form"]]>
              </value>
            </param>
          </params>
          <reporter-output>
          </reporter-output>
        </test-method> <!-- runScenario -->
        <test-method signature="runScenario(io.cucumber.testng.PickleWrapper,io.cucumber.testng.FeatureWrapper)[pri:0, instance:runner.TestRunner@23348b5d]" started-at="2025-08-13T17:20:11 IST" name="runScenario" description="Runs Cucumber Scenarios" data-provider="scenarios" finished-at="2025-08-13T17:20:19 IST" duration-ms="7984" status="PASS">
          <params>
            <param index="0">
              <value>
                <![CDATA["Invalid Event Date"]]>
              </value>
            </param>
            <param index="1">
              <value>
                <![CDATA["Event Management System - Booking Form"]]>
              </value>
            </param>
          </params>
          <reporter-output>
          </reporter-output>
        </test-method> <!-- runScenario -->
        <test-method signature="runScenario(io.cucumber.testng.PickleWrapper,io.cucumber.testng.FeatureWrapper)[pri:0, instance:runner.TestRunner@23348b5d]" started-at="2025-08-13T17:20:19 IST" name="runScenario" description="Runs Cucumber Scenarios" data-provider="scenarios" finished-at="2025-08-13T17:20:28 IST" duration-ms="8835" status="PASS">
          <params>
            <param index="0">
              <value>
                <![CDATA["Invalid Event Time"]]>
              </value>
            </param>
            <param index="1">
              <value>
                <![CDATA["Event Management System - Booking Form"]]>
              </value>
            </param>
          </params>
          <reporter-output>
          </reporter-output>
        </test-method> <!-- runScenario -->
        <test-method is-config="true" signature="tearDownClass()[pri:0, instance:runner.TestRunner@23348b5d]" started-at="2025-08-13T17:20:28 IST" name="tearDownClass" finished-at="2025-08-13T17:20:28 IST" duration-ms="30" status="PASS">
          <reporter-output>
          </reporter-output>
        </test-method> <!-- tearDownClass -->
      </class> <!-- runner.TestRunner -->
    </test> <!-- Test -->
  </suite> <!-- Suite -->
</testng-results>
